<?xml version="1.0" encoding="UTF-8"?>
<testng-results ignored="0" total="2" passed="2" failed="0" skipped="0">
  <reporter-output>
  </reporter-output>
  <suite started-at="2019-08-30T18:14:13Z" name="Default suite" finished-at="2019-08-30T18:16:14Z" duration-ms="120778">
    <groups>
    </groups>
    <test started-at="2019-08-30T18:14:13Z" name="Default test" finished-at="2019-08-30T18:16:14Z" duration-ms="120778">
      <class name="tests.TestPeoplesPage">
        <test-method is-config="true" signature="setup()[pri:0, instance:tests.TestPeoplesPage@b62fe6d]" started-at="2019-08-30T18:14:13Z" name="setup" finished-at="2019-08-30T18:14:15Z" duration-ms="2627" status="PASS">
          <reporter-output>
          </reporter-output>
        </test-method> <!-- setup -->
        <test-method signature="archTest8()[pri:0, instance:tests.TestPeoplesPage@b62fe6d]" started-at="2019-08-30T18:14:15Z" name="archTest8" finished-at="2019-08-30T18:16:04Z" duration-ms="109054" status="PASS">
          <reporter-output>
          </reporter-output>
        </test-method> <!-- archTest8 -->
        <test-method signature="writingInExcel()[pri:0, instance:tests.TestPeoplesPage@b62fe6d]" started-at="2019-08-30T18:16:04Z" name="writingInExcel" finished-at="2019-08-30T18:16:14Z" duration-ms="9082" status="PASS">
          <reporter-output>
          </reporter-output>
        </test-method> <!-- writingInExcel -->
      </class> <!-- tests.TestPeoplesPage -->
    </test> <!-- Default test -->
  </suite> <!-- Default suite -->
</testng-results>
